<?xml version="1.0" encoding="UTF-8"?>
<testng-results skipped="0" failed="0" total="1" passed="1">
  <reporter-output>
    <line>
      <![CDATA[SignIn Action is successfully perfomred]]>
    </line>
    <line>
      <![CDATA[Verification Passed for Product Name on Check Out page.]]>
    </line>
    <line>
      <![CDATA[Verification Passed for Product Price on Check Out page.]]>
    </line>
    <line>
      <![CDATA[Payment is successfully perfromed for the purchased product.]]>
    </line>
    <line>
      <![CDATA[Verification Passed for Product Name on Confirmation page]]>
    </line>
    <line>
      <![CDATA[Verification Passed for Product Price on Confirmation page]]>
    </line>
    <line>
      <![CDATA[Verification Passed for Product Name]]>
    </line>
    <line>
      <![CDATA[Verification Passed for Product Price]]>
    </line>
  </reporter-output>
  <suite name="Default suite" duration-ms="35326" started-at="2016-08-28T11:32:57Z" finished-at="2016-08-28T11:33:32Z">
    <groups>
    </groups>
    <test name="Default test" duration-ms="35326" started-at="2016-08-28T11:32:57Z" finished-at="2016-08-28T11:33:32Z">
      <class name="testCases.Framework_001">
        <test-method status="PASS" signature="beforeMethod()[pri:0, instance:testCases.Framework_001@b39c39]" name="beforeMethod" is-config="true" duration-ms="10309" started-at="2016-08-28T17:02:57Z" finished-at="2016-08-28T17:03:07Z">
          <reporter-output>
          </reporter-output>
        </test-method> <!-- beforeMethod -->
        <test-method status="PASS" signature="main()[pri:0, instance:testCases.Framework_001@b39c39]" name="main" duration-ms="23693" started-at="2016-08-28T17:03:07Z" finished-at="2016-08-28T17:03:31Z">
          <reporter-output>
            <line>
              <![CDATA[SignIn Action is successfully perfomred]]>
            </line>
            <line>
              <![CDATA[Verification Passed for Product Name on Check Out page.]]>
            </line>
            <line>
              <![CDATA[Verification Passed for Product Price on Check Out page.]]>
            </line>
            <line>
              <![CDATA[Payment is successfully perfromed for the purchased product.]]>
            </line>
            <line>
              <![CDATA[Verification Passed for Product Name on Confirmation page]]>
            </line>
            <line>
              <![CDATA[Verification Passed for Product Price on Confirmation page]]>
            </line>
            <line>
              <![CDATA[Verification Passed for Product Name]]>
            </line>
            <line>
              <![CDATA[Verification Passed for Product Price]]>
            </line>
          </reporter-output>
        </test-method> <!-- main -->
        <test-method status="PASS" signature="afterMethod()[pri:0, instance:testCases.Framework_001@b39c39]" name="afterMethod" is-config="true" duration-ms="1313" started-at="2016-08-28T17:03:31Z" finished-at="2016-08-28T17:03:32Z">
          <reporter-output>
          </reporter-output>
        </test-method> <!-- afterMethod -->
      </class> <!-- testCases.Framework_001 -->
    </test> <!-- Default test -->
  </suite> <!-- Default suite -->
</testng-results>
