<?xml version="1.0" encoding="UTF-8"?>
<testng-results skipped="0" failed="0" total="1" passed="1">
  <reporter-output>
    <line>
      <![CDATA[SignIn Action is successfully perfomred]]>
    </line>
    <line>
      <![CDATA[Verification Passed for Product Name on Check Out page.]]>
    </line>
    <line>
      <![CDATA[Verification Passed for Product Price on Check Out page.]]>
    </line>
    <line>
      <![CDATA[Payment is successfully perfromed for the purchased product.]]>
    </line>
    <line>
      <![CDATA[Verification Passed for Product Name on Confirmation page]]>
    </line>
    <line>
      <![CDATA[Verification Passed for Product Price on Confirmation page]]>
    </line>
    <line>
      <![CDATA[Verification Passed for Product Name]]>
    </line>
    <line>
      <![CDATA[Verification Passed for Product Price]]>
    </line>
  </reporter-output>
  <suite name="Suite1" duration-ms="118330" started-at="2016-08-29T08:41:10Z" finished-at="2016-08-29T08:43:08Z">
    <groups>
    </groups>
    <test name="samplePage Test" duration-ms="118330" started-at="2016-08-29T08:41:10Z" finished-at="2016-08-29T08:43:08Z">
      <class name="testCases.Framework_001">
        <test-method status="PASS" signature="beforeMethod()[pri:0, instance:testCases.Framework_001@1c6027d]" name="beforeMethod" is-config="true" duration-ms="17731" started-at="2016-08-29T14:11:10Z" finished-at="2016-08-29T14:11:28Z">
          <reporter-output>
          </reporter-output>
        </test-method> <!-- beforeMethod -->
        <test-method status="PASS" signature="main()[pri:0, instance:testCases.Framework_001@1c6027d]" name="main" duration-ms="100499" started-at="2016-08-29T14:11:28Z" finished-at="2016-08-29T14:13:08Z">
          <reporter-output>
            <line>
              <![CDATA[SignIn Action is successfully perfomred]]>
            </line>
            <line>
              <![CDATA[Verification Passed for Product Name on Check Out page.]]>
            </line>
            <line>
              <![CDATA[Verification Passed for Product Price on Check Out page.]]>
            </line>
            <line>
              <![CDATA[Payment is successfully perfromed for the purchased product.]]>
            </line>
            <line>
              <![CDATA[Verification Passed for Product Name on Confirmation page]]>
            </line>
            <line>
              <![CDATA[Verification Passed for Product Price on Confirmation page]]>
            </line>
            <line>
              <![CDATA[Verification Passed for Product Name]]>
            </line>
            <line>
              <![CDATA[Verification Passed for Product Price]]>
            </line>
          </reporter-output>
        </test-method> <!-- main -->
        <test-method status="PASS" signature="afterMethod()[pri:0, instance:testCases.Framework_001@1c6027d]" name="afterMethod" is-config="true" duration-ms="90" started-at="2016-08-29T14:13:08Z" finished-at="2016-08-29T14:13:08Z">
          <reporter-output>
          </reporter-output>
        </test-method> <!-- afterMethod -->
      </class> <!-- testCases.Framework_001 -->
    </test> <!-- samplePage Test -->
  </suite> <!-- Suite1 -->
</testng-results>
